TN:
SF:src\polyfills.ts
FNF:0
FNH:0
LF:0
LH:0
BRF:0
BRH:0
end_of_record
TN:
SF:src\test.ts
FNF:0
FNH:0
DA:13,1
DA:18,1
DA:20,1
LF:3
LH:3
BRF:0
BRH:0
end_of_record
TN:
SF:src\app\app.component.ts
FNF:0
FNH:0
DA:6,1
LF:1
LH:1
BRF:0
BRH:0
end_of_record
TN:
SF:src\app\banner\banner-external.component.ts
FNF:0
FNH:0
DA:8,1
DA:9,1
LF:2
LH:2
BRF:0
BRH:0
end_of_record
TN:
SF:src\app\banner\banner-initial.component.ts
FNF:0
FNH:0
DA:9,1
LF:1
LH:1
BRF:0
BRH:0
end_of_record
TN:
SF:src\app\banner\banner.component.ts
FNF:0
FNH:0
DA:8,1
DA:9,7
LF:2
LH:2
BRF:0
BRH:0
end_of_record
TN:
SF:src\app\dashboard\dashboard-hero.component.ts
FN:16,(anonymous_1)
FNF:1
FNH:1
FNDA:6,(anonymous_1)
DA:13,1
DA:15,7
DA:16,6
LF:3
LH:3
BRF:0
BRH:0
end_of_record
TN:
SF:src\app\dashboard\dashboard.component.ts
FN:16,(anonymous_0)
FN:21,(anonymous_1)
FN:23,(anonymous_2)
FN:26,(anonymous_3)
FN:31,(anonymous_4)
FNF:5
FNH:2
FNDA:1,(anonymous_0)
FNDA:0,(anonymous_1)
FNDA:0,(anonymous_2)
FNDA:1,(anonymous_3)
FNDA:0,(anonymous_4)
DA:12,1
DA:14,1
DA:17,1
DA:18,1
DA:22,0
DA:23,0
DA:27,1
DA:28,1
DA:32,0
DA:33,0
LF:10
LH:6
BRDA:33,0,0,0
BRDA:33,0,1,0
BRDA:34,1,0,0
BRDA:34,1,1,0
BRF:4
BRH:0
end_of_record
TN:
SF:src\app\demo\demo.ts
FN:23,(anonymous_1)
FN:24,(anonymous_2)
FN:26,(anonymous_3)
FN:28,(anonymous_4)
FN:30,(anonymous_5)
FN:37,(anonymous_6)
FN:38,(anonymous_7)
FN:47,(anonymous_9)
FN:100,(anonymous_12)
FN:101,(anonymous_13)
FN:162,(anonymous_17)
FN:188,(anonymous_20)
FN:206,(anonymous_22)
FN:223,(anonymous_24)
FN:233,(anonymous_26)
FN:243,(anonymous_28)
FN:245,(anonymous_29)
FN:281,(anonymous_32)
FN:282,(anonymous_33)
FN:294,(anonymous_34)
FN:299,(anonymous_35)
FN:304,(anonymous_36)
FN:337,(anonymous_38)
FN:342,(anonymous_39)
FNF:24
FNH:8
FNDA:4,(anonymous_1)
FNDA:0,(anonymous_2)
FNDA:1,(anonymous_3)
FNDA:1,(anonymous_4)
FNDA:1,(anonymous_5)
FNDA:6,(anonymous_6)
FNDA:6,(anonymous_7)
FNDA:0,(anonymous_9)
FNDA:4,(anonymous_12)
FNDA:3,(anonymous_13)
FNDA:0,(anonymous_17)
FNDA:0,(anonymous_20)
FNDA:0,(anonymous_22)
FNDA:0,(anonymous_24)
FNDA:0,(anonymous_26)
FNDA:0,(anonymous_28)
FNDA:0,(anonymous_29)
FNDA:0,(anonymous_32)
FNDA:0,(anonymous_33)
FNDA:0,(anonymous_34)
FNDA:0,(anonymous_35)
FNDA:0,(anonymous_36)
FNDA:0,(anonymous_38)
FNDA:0,(anonymous_39)
DA:20,1
DA:21,7
DA:23,4
DA:24,0
DA:26,1
DA:28,1
DA:31,1
DA:36,1
DA:37,6
DA:38,6
DA:46,1
DA:48,0
DA:49,0
DA:50,0
DA:62,1
DA:86,1
DA:87,0
DA:88,0
DA:89,0
DA:98,1
DA:99,2
DA:100,4
DA:101,3
DA:108,1
DA:109,0
DA:116,1
DA:124,1
DA:132,1
DA:133,0
DA:153,1
DA:159,0
DA:162,0
DA:171,1
DA:172,0
DA:179,1
DA:185,1
DA:187,0
DA:188,0
DA:203,1
DA:204,0
DA:206,0
DA:213,1
DA:214,0
DA:222,1
DA:223,0
DA:232,1
DA:233,0
DA:240,1
DA:243,0
DA:246,0
DA:257,1
DA:260,1
DA:277,1
DA:278,0
DA:279,0
DA:281,0
DA:283,0
DA:284,0
DA:285,0
DA:288,0
DA:290,0
DA:291,0
DA:292,0
DA:295,0
DA:296,0
DA:300,0
DA:301,0
DA:305,0
DA:306,0
DA:307,0
DA:308,0
DA:309,0
DA:310,0
DA:331,1
DA:332,0
DA:333,0
DA:334,0
DA:335,0
DA:338,0
DA:339,0
DA:343,0
DA:344,0
DA:356,1
DA:357,0
DA:361,1
DA:397,1
DA:400,1
DA:415,1
DA:430,1
LF:89
LH:39
BRDA:101,0,0,1
BRDA:101,0,1,2
BRDA:246,1,0,0
BRDA:246,1,1,0
BRDA:283,2,0,0
BRDA:283,2,1,0
BRDA:344,3,0,0
BRDA:344,3,1,0
BRF:8
BRH:2
end_of_record
TN:
SF:src\app\hero\hero-detail.component.ts
FN:15,(anonymous_0)
FN:23,(anonymous_1)
FN:25,(anonymous_2)
FN:28,(anonymous_3)
FN:35,(anonymous_4)
FN:44,(anonymous_5)
FN:45,(anonymous_6)
FN:48,(anonymous_7)
FN:50,(anonymous_8)
FNF:9
FNH:9
FNDA:8,(anonymous_0)
FNDA:8,(anonymous_1)
FNDA:34,(anonymous_2)
FNDA:34,(anonymous_3)
FNDA:26,(anonymous_4)
FNDA:1,(anonymous_5)
FNDA:1,(anonymous_6)
FNDA:1,(anonymous_7)
FNDA:3,(anonymous_8)
DA:14,1
DA:16,8
DA:17,8
DA:18,8
DA:25,34
DA:30,34
DA:31,8
DA:32,8
DA:35,26
DA:36,26
DA:37,25
DA:39,1
DA:45,1
DA:48,1
DA:51,3
LF:15
LH:15
BRDA:30,0,0,8
BRDA:30,0,1,26
BRDA:36,1,0,25
BRDA:36,1,1,1
BRF:4
BRH:4
end_of_record
TN:
SF:src\app\hero\hero-detail.service.ts
FN:11,(anonymous_0)
FN:14,(anonymous_1)
FN:19,(anonymous_2)
FN:25,(anonymous_3)
FNF:4
FNH:4
FNDA:8,(anonymous_0)
FNDA:26,(anonymous_1)
FNDA:26,(anonymous_2)
FNDA:1,(anonymous_3)
DA:10,1
DA:11,8
DA:15,26
DA:16,0
DA:18,26
DA:20,26
DA:26,1
LF:7
LH:6
BRDA:15,0,0,0
BRDA:15,0,1,26
BRDA:20,1,0,25
BRDA:20,1,1,1
BRF:4
BRH:3
end_of_record
TN:
SF:src\app\hero\hero-list.component.ts
FN:18,(anonymous_0)
FN:22,(anonymous_1)
FN:26,(anonymous_2)
FNF:3
FNH:0
FNDA:0,(anonymous_0)
FNDA:0,(anonymous_1)
FNDA:0,(anonymous_2)
DA:14,1
DA:19,0
DA:20,0
DA:23,0
DA:27,0
DA:28,0
LF:6
LH:1
BRF:0
BRH:0
end_of_record
TN:
SF:src\app\hero\hero-routing.module.ts
FNF:0
FNH:0
DA:7,1
DA:12,1
DA:18,1
LF:3
LH:3
BRF:0
BRH:0
end_of_record
TN:
SF:src\app\hero\hero.module.ts
FNF:0
FNH:0
DA:9,1
LF:1
LH:1
BRF:0
BRH:0
end_of_record
TN:
SF:src\app\model\hero.service.ts
FN:18,(anonymous_0)
FN:21,(anonymous_1)
FN:24,(anonymous_2)
FN:30,(anonymous_3)
FN:37,(anonymous_4)
FN:38,(anonymous_5)
FN:49,(anonymous_6)
FN:51,(anonymous_7)
FN:56,(anonymous_8)
FN:61,(anonymous_9)
FN:67,(anonymous_10)
FN:69,(anonymous_11)
FN:78,(anonymous_12)
FN:79,(anonymous_13)
FN:94,(anonymous_14)
FNF:15
FNH:6
FNDA:10,(anonymous_0)
FNDA:2,(anonymous_1)
FNDA:1,(anonymous_2)
FNDA:0,(anonymous_3)
FNDA:0,(anonymous_4)
FNDA:0,(anonymous_5)
FNDA:0,(anonymous_6)
FNDA:0,(anonymous_7)
FNDA:0,(anonymous_8)
FNDA:0,(anonymous_9)
FNDA:0,(anonymous_10)
FNDA:0,(anonymous_11)
FNDA:2,(anonymous_12)
FNDA:1,(anonymous_13)
FNDA:1,(anonymous_14)
DA:9,1
DA:14,1
DA:16,10
DA:18,10
DA:22,2
DA:24,1
DA:31,0
DA:32,0
DA:34,0
DA:35,0
DA:37,0
DA:39,0
DA:40,0
DA:50,0
DA:51,0
DA:57,0
DA:58,0
DA:60,0
DA:61,0
DA:68,0
DA:69,0
DA:79,2
DA:82,1
DA:84,1
DA:89,1
DA:95,1
LF:26
LH:11
BRDA:31,0,0,0
BRDA:31,0,1,0
BRDA:39,1,0,0
BRDA:39,1,1,0
BRDA:57,2,0,0
BRDA:57,2,1,0
BRDA:78,3,0,0
BRDA:85,4,0,0
BRDA:85,4,1,1
BRF:9
BRH:1
end_of_record
TN:
SF:src\app\model\user.service.ts
FNF:0
FNH:0
DA:4,1
DA:5,0
DA:6,0
LF:3
LH:1
BRF:0
BRH:0
end_of_record
TN:
SF:src\app\model\testing\test-hero.service.ts
FN:24,(anonymous_0)
FN:31,(anonymous_1)
FN:35,(anonymous_2)
FN:39,(anonymous_3)
FN:43,(anonymous_4)
FN:47,(anonymous_5)
FN:51,(anonymous_6)
FN:53,(anonymous_7)
FNF:8
FNH:5
FNDA:8,(anonymous_0)
FNDA:0,(anonymous_1)
FNDA:0,(anonymous_2)
FNDA:0,(anonymous_3)
FNDA:27,(anonymous_4)
FNDA:32,(anonymous_5)
FNDA:1,(anonymous_6)
FNDA:1,(anonymous_7)
DA:22,1
DA:25,8
DA:28,8
DA:32,0
DA:36,0
DA:40,0
DA:44,27
DA:45,0
DA:47,32
DA:48,27
DA:52,1
DA:54,1
DA:55,1
DA:57,0
LF:14
LH:9
BRDA:44,0,0,0
BRDA:44,0,1,27
BRDA:54,1,0,1
BRDA:54,1,1,0
BRF:4
BRH:2
end_of_record
TN:
SF:src\app\model\testing\test-heroes.ts
FN:4,getTestHeroes
FNF:1
FNH:1
FNDA:13,getTestHeroes
DA:5,13
LF:1
LH:1
BRF:0
BRH:0
end_of_record
TN:
SF:src\app\shared\canvas.component.ts
FN:15,(anonymous_1)
FN:23,(anonymous_2)
FNF:2
FNH:0
FNDA:0,(anonymous_1)
FNDA:0,(anonymous_2)
DA:11,1
DA:12,0
DA:16,0
DA:17,0
DA:19,0
DA:20,0
DA:21,0
DA:23,0
DA:24,0
LF:9
LH:1
BRF:0
BRH:0
end_of_record
TN:
SF:src\app\shared\highlight.directive.ts
FN:12,(anonymous_0)
FN:16,(anonymous_1)
FNF:2
FNH:0
FNDA:0,(anonymous_0)
FNDA:0,(anonymous_1)
DA:6,1
DA:8,0
DA:12,0
DA:13,0
DA:17,0
LF:5
LH:1
BRDA:17,0,0,0
BRDA:17,0,1,0
BRF:2
BRH:0
end_of_record
TN:
SF:src\app\shared\shared.module.ts
FNF:0
FNH:0
DA:21,1
LF:1
LH:1
BRF:0
BRH:0
end_of_record
TN:
SF:src\app\shared\title-case.pipe.ts
FN:6,(anonymous_0)
FN:8,(anonymous_1)
FNF:2
FNH:2
FNDA:14,(anonymous_0)
FNDA:8,(anonymous_1)
DA:5,1
DA:7,14
DA:8,8
LF:3
LH:3
BRDA:7,0,0,8
BRDA:7,0,1,6
BRF:2
BRH:2
end_of_record
TN:
SF:src\app\twain\twain.component.ts
FN:23,(anonymous_0)
FN:25,(anonymous_1)
FN:29,(anonymous_2)
FN:33,(anonymous_3)
FN:35,(anonymous_4)
FNF:5
FNH:5
FNDA:8,(anonymous_0)
FNDA:8,(anonymous_1)
FNDA:8,(anonymous_2)
FNDA:2,(anonymous_3)
FNDA:2,(anonymous_4)
DA:19,1
DA:23,8
DA:26,8
DA:30,8
DA:31,8
DA:35,2
DA:36,2
LF:7
LH:7
BRDA:35,0,0,2
BRDA:35,0,1,1
BRF:2
BRH:2
end_of_record
TN:
SF:src\app\twain\twain.service.ts
FN:12,(anonymous_0)
FN:16,(anonymous_1)
FN:17,(anonymous_2)
FN:22,(anonymous_3)
FN:24,(anonymous_4)
FN:27,(anonymous_5)
FN:28,(anonymous_6)
FNF:7
FNH:0
FNDA:0,(anonymous_0)
FNDA:0,(anonymous_1)
FNDA:0,(anonymous_2)
FNDA:0,(anonymous_3)
FNDA:0,(anonymous_4)
FNDA:0,(anonymous_5)
FNDA:0,(anonymous_6)
DA:11,1
DA:12,0
DA:14,0
DA:17,0
DA:22,0
DA:24,0
DA:27,0
DA:29,0
DA:31,0
DA:32,0
DA:35,0
DA:36,0
LF:12
LH:1
BRDA:29,0,0,0
BRDA:29,0,1,0
BRF:2
BRH:0
end_of_record
TN:
SF:src\app\welcome\welcome.component.ts
FN:10,(anonymous_0)
FN:12,(anonymous_1)
FNF:2
FNH:2
FNDA:6,(anonymous_0)
FNDA:5,(anonymous_1)
DA:8,1
DA:10,6
DA:13,5
LF:3
LH:3
BRDA:14,0,0,3
BRDA:14,0,1,2
BRF:2
BRH:2
end_of_record
TN:
SF:src\testing\activated-route-stub.ts
FN:16,(anonymous_0)
FN:24,(anonymous_1)
FNF:2
FNH:2
FNDA:3,(anonymous_0)
FNDA:9,(anonymous_1)
DA:14,3
DA:17,3
DA:21,3
DA:25,9
LF:4
LH:4
BRF:0
BRH:0
end_of_record
TN:
SF:src\testing\async-observable-helpers.ts
FN:19,asyncData
FN:20,(anonymous_1)
FN:27,asyncError
FN:28,(anonymous_3)
FNF:4
FNH:4
FNDA:34,asyncData
FNDA:34,(anonymous_1)
FNDA:1,asyncError
FNDA:1,(anonymous_3)
DA:20,34
DA:28,1
LF:2
LH:2
BRF:0
BRH:0
end_of_record
TN:
SF:src\testing\index.ts
FN:10,click
FNF:1
FNH:1
FNDA:5,click
DA:4,1
DA:11,5
LF:2
LH:2
BRDA:10,0,0,5
BRDA:12,1,0,4
BRDA:12,1,1,1
BRF:3
BRH:3
end_of_record
